Performing C SOURCE FILE Test CMAKE_HAVE_LIBC_PTHREAD failed with the following output:
Change Dir: /class/classes/cchua042/lab-02-github-flow-bli181-and-ulrixon/CMakeFiles/CMakeTmp

Run Build Command(s):/usr/bin/gmake -f Makefile cmTC_88ad9/fast && /usr/bin/gmake  -f CMakeFiles/cmTC_88ad9.dir/build.make CMakeFiles/cmTC_88ad9.dir/build
gmake[1]: Entering directory '/data/class/classes/cchua042/lab-02-github-flow-bli181-and-ulrixon/CMakeFiles/CMakeTmp'
Building C object CMakeFiles/cmTC_88ad9.dir/src.c.o
/usr/bin/cc -DCMAKE_HAVE_LIBC_PTHREAD   -o CMakeFiles/cmTC_88ad9.dir/src.c.o -c /class/classes/cchua042/lab-02-github-flow-bli181-and-ulrixon/CMakeFiles/CMakeTmp/src.c
Linking C executable cmTC_88ad9
/usr/bin/cmake -E cmake_link_script CMakeFiles/cmTC_88ad9.dir/link.txt --verbose=1
/usr/bin/cc CMakeFiles/cmTC_88ad9.dir/src.c.o -o cmTC_88ad9 
CMakeFiles/cmTC_88ad9.dir/src.c.o: In function `main':
src.c:(.text+0x2d): undefined reference to `pthread_create'
src.c:(.text+0x39): undefined reference to `pthread_detach'
src.c:(.text+0x45): undefined reference to `pthread_cancel'
src.c:(.text+0x56): undefined reference to `pthread_join'
collect2: error: ld returned 1 exit status
gmake[1]: *** [CMakeFiles/cmTC_88ad9.dir/build.make:99: cmTC_88ad9] Error 1
gmake[1]: Leaving directory '/data/class/classes/cchua042/lab-02-github-flow-bli181-and-ulrixon/CMakeFiles/CMakeTmp'
gmake: *** [Makefile:127: cmTC_88ad9/fast] Error 2


Source file was:
#include <pthread.h>

static void* test_func(void* data)
{
  return data;
}

int main(void)
{
  pthread_t thread;
  pthread_create(&thread, NULL, test_func, NULL);
  pthread_detach(thread);
  pthread_cancel(thread);
  pthread_join(thread, NULL);
  pthread_atfork(NULL, NULL, NULL);
  pthread_exit(NULL);

  return 0;
}

Determining if the function pthread_create exists in the pthreads failed with the following output:
Change Dir: /class/classes/cchua042/lab-02-github-flow-bli181-and-ulrixon/CMakeFiles/CMakeTmp

Run Build Command(s):/usr/bin/gmake -f Makefile cmTC_46b42/fast && /usr/bin/gmake  -f CMakeFiles/cmTC_46b42.dir/build.make CMakeFiles/cmTC_46b42.dir/build
gmake[1]: Entering directory '/data/class/classes/cchua042/lab-02-github-flow-bli181-and-ulrixon/CMakeFiles/CMakeTmp'
Building C object CMakeFiles/cmTC_46b42.dir/CheckFunctionExists.c.o
/usr/bin/cc   -DCHECK_FUNCTION_EXISTS=pthread_create -o CMakeFiles/cmTC_46b42.dir/CheckFunctionExists.c.o -c /usr/share/cmake/Modules/CheckFunctionExists.c
Linking C executable cmTC_46b42
/usr/bin/cmake -E cmake_link_script CMakeFiles/cmTC_46b42.dir/link.txt --verbose=1
/usr/bin/cc  -DCHECK_FUNCTION_EXISTS=pthread_create CMakeFiles/cmTC_46b42.dir/CheckFunctionExists.c.o -o cmTC_46b42  -lpthreads 
/usr/bin/ld: cannot find -lpthreads
collect2: error: ld returned 1 exit status
gmake[1]: *** [CMakeFiles/cmTC_46b42.dir/build.make:99: cmTC_46b42] Error 1
gmake[1]: Leaving directory '/data/class/classes/cchua042/lab-02-github-flow-bli181-and-ulrixon/CMakeFiles/CMakeTmp'
gmake: *** [Makefile:127: cmTC_46b42/fast] Error 2



